<?xml version="1.0" encoding="UTF-8"?>
<testsuite xmlns:xsi="http://www.w3.org/2001/XMLSchema-instance" xsi:noNamespaceSchemaLocation="https://maven.apache.org/surefire/maven-surefire-plugin/xsd/surefire-test-report-3.0.xsd" version="3.0" name="com.oracle.k8sedit.MainTest" time="3.719" tests="5" errors="0" skipped="0" failures="0">
  <properties>
[...]
</properties>
  <testcase name="testSimpleGreet" classname="com.oracle.k8sedit.MainTest" time="0.703">
    <system-out><![CDATA[2023.03.30 16:11:46 INFO io.helidon.common.LogConfig Thread[main,5,main]: Logging at initialization configured using D:\code\k8sedit\target\classes\logging.properties
2023.03.30 16:11:48 INFO io.helidon.common.HelidonFeatures Thread[features-thread,5,main]: Helidon SE 3.1.2 features: [Config, Fault Tolerance, Health, Metrics, Tracing, Web Client, WebServer]
2023.03.30 16:11:49 INFO io.helidon.webserver.NettyWebServer Thread[nioEventLoopGroup-2-1,10,main]: Channel '@default' started: [id: 0x96f01789, L:/[0:0:0:0:0:0:0:0]:8080]
WEB server is up! http://localhost:8080/greet
2023.03.30 16:11:49 INFO com.oracle.k8sedit.SimpleGreetService Thread[nioEventLoopGroup-3-1,10,main]: Greeting message is Hello World!
]]></system-out>
    <system-err><![CDATA[SLF4J: Failed to load class "org.slf4j.impl.StaticLoggerBinder".
SLF4J: Defaulting to no-operation (NOP) logger implementation
SLF4J: See http://www.slf4j.org/codes.html#StaticLoggerBinder for further details.
]]></system-err>
  </testcase>
  <testcase name="testGreetings" classname="com.oracle.k8sedit.MainTest" time="0.055"/>
  <testcase name="testMetrics" classname="com.oracle.k8sedit.MainTest" time="0.029"/>
  <testcase name="testHealth" classname="com.oracle.k8sedit.MainTest" time="0.125"/>
  <testcase name="testMicroprofileMetrics" classname="com.oracle.k8sedit.MainTest" time="0.034">
    <system-out><![CDATA[2023.03.30 16:11:50 INFO com.oracle.k8sedit.SimpleGreetService Thread[nioEventLoopGroup-3-1,10,main]: Greeting message is Hello World!
]]></system-out>
  </testcase>
</testsuite>